<?xml version="1.0" encoding="UTF-8"?>
<!-- Generated by org.testng.reporters.JUnitXMLReporter -->
<testsuite ignored="0" hostname="LTIN485710" failures="0" tests="8" name="Default test" time="31.996" errors="0" timestamp="2024-05-03T20:27:24 IST">
  <testcase classname="practo.TestNgMain" name="cityAndDoctors" time="3.027"/>
  <testcase classname="practo.TestNgMain" name="Stories" time="7.943"/>
  <testcase classname="practo.TestNgMain" name="getDoctorsDetails" time="1.23"/>
  <testcase classname="practo.TestNgMain" name="clickMedicines" time="2.324"/>
  <testcase classname="practo.TestNgMain" name="scrollwindow" time="2.156"/>
  <testcase classname="practo.TestNgMain" name="clickHealthAndWellness" time="3.454"/>
  <testcase classname="practo.TestNgMain" name="nameof" time="4.853"/>
  <testcase classname="practo.TestNgMain" name="thankyouInformation" time="0.063"/>
</testsuite> <!-- Default test -->
